INFO:root:architecture:ResNet18|task:N_0.025|kind:Untrained|source:PyTorch|layer:layer1.0.relu|pooling:none|n_components:1000
INFO:root:layer1.0.relu
INFO:root:architecture:ResNet18|task:N_0.025|kind:Untrained|source:PyTorch|layer:layer1.1.relu|pooling:none|n_components:1000
INFO:root:layer1.1.relu
INFO:root:architecture:ResNet18|task:N_0.025|kind:Untrained|source:PyTorch|layer:layer2.0.relu|pooling:none|n_components:1000
INFO:root:layer2.0.relu
INFO:root:architecture:ResNet18|task:N_0.025|kind:Untrained|source:PyTorch|layer:layer2.1.relu|pooling:none|n_components:1000
INFO:root:layer2.1.relu
INFO:root:architecture:ResNet18|task:N_0.025|kind:Untrained|source:PyTorch|layer:layer3.0.relu|pooling:none|n_components:1000
INFO:root:layer3.0.relu
INFO:root:architecture:ResNet18|task:N_0.025|kind:Untrained|source:PyTorch|layer:layer3.1.relu|pooling:none|n_components:1000
INFO:root:layer3.1.relu
INFO:root:architecture:ResNet18|task:N_0.025|kind:Untrained|source:PyTorch|layer:layer4.0.relu|pooling:none|n_components:1000
INFO:root:layer4.0.relu
INFO:root:architecture:ResNet18|task:N_0.025|kind:Untrained|source:PyTorch|layer:layer4.1.relu|pooling:none|n_components:1000
INFO:root:layer4.1.relu
INFO:root:architecture:ResNet50|task:N_0.025|kind:Untrained|source:PyTorch|layer:layer1.0.relu|pooling:none|n_components:1000
INFO:root:layer1.0.relu
INFO:root:architecture:ResNet50|task:N_0.025|kind:Untrained|source:PyTorch|layer:layer1.1.relu|pooling:none|n_components:1000
INFO:root:layer1.1.relu
INFO:root:architecture:ResNet50|task:N_0.025|kind:Untrained|source:PyTorch|layer:layer1.2.relu|pooling:none|n_components:1000
INFO:root:layer1.2.relu
INFO:root:architecture:ResNet50|task:N_0.025|kind:Untrained|source:PyTorch|layer:layer2.0.relu|pooling:none|n_components:1000
INFO:root:layer2.0.relu
INFO:root:architecture:ResNet50|task:N_0.025|kind:Untrained|source:PyTorch|layer:layer2.1.relu|pooling:none|n_components:1000
INFO:root:layer2.1.relu
INFO:root:architecture:ResNet50|task:N_0.025|kind:Untrained|source:PyTorch|layer:layer2.2.relu|pooling:none|n_components:1000
INFO:root:layer2.2.relu
INFO:root:architecture:ResNet50|task:N_0.025|kind:Untrained|source:PyTorch|layer:layer2.3.relu|pooling:none|n_components:1000
INFO:root:layer2.3.relu
INFO:root:architecture:ResNet50|task:N_0.025|kind:Untrained|source:PyTorch|layer:layer3.0.relu|pooling:none|n_components:1000
INFO:root:layer3.0.relu
INFO:root:architecture:ResNet50|task:N_0.025|kind:Untrained|source:PyTorch|layer:layer3.1.relu|pooling:none|n_components:1000
INFO:root:layer3.1.relu
INFO:root:architecture:ResNet50|task:N_0.025|kind:Untrained|source:PyTorch|layer:layer3.2.relu|pooling:none|n_components:1000
INFO:root:layer3.2.relu
INFO:root:architecture:ResNet50|task:N_0.025|kind:Untrained|source:PyTorch|layer:layer3.3.relu|pooling:none|n_components:1000
INFO:root:layer3.3.relu
INFO:root:architecture:ResNet50|task:N_0.025|kind:Untrained|source:PyTorch|layer:layer3.4.relu|pooling:none|n_components:1000
INFO:root:layer3.4.relu
INFO:root:architecture:ResNet50|task:N_0.025|kind:Untrained|source:PyTorch|layer:layer3.5.relu|pooling:none|n_components:1000
INFO:root:layer3.5.relu
INFO:root:architecture:ResNet50|task:N_0.025|kind:Untrained|source:PyTorch|layer:layer4.0.relu|pooling:none|n_components:1000
INFO:root:layer4.0.relu
INFO:root:architecture:ResNet50|task:N_0.025|kind:Untrained|source:PyTorch|layer:layer4.1.relu|pooling:none|n_components:1000
INFO:root:layer4.1.relu
INFO:root:architecture:ResNet50|task:N_0.025|kind:Untrained|source:PyTorch|layer:layer4.2.relu|pooling:none|n_components:1000
INFO:root:layer4.2.relu
INFO:root:architecture:AlexNet|task:N_0.025|kind:Untrained|source:PyTorch|layer:features.1|pooling:none|n_components:1000
INFO:root:features.1
INFO:root:architecture:AlexNet|task:N_0.025|kind:Untrained|source:PyTorch|layer:features.4|pooling:none|n_components:1000
INFO:root:features.4
INFO:root:architecture:AlexNet|task:N_0.025|kind:Untrained|source:PyTorch|layer:features.7|pooling:none|n_components:1000
INFO:root:features.7
INFO:root:architecture:AlexNet|task:N_0.025|kind:Untrained|source:PyTorch|layer:features.9|pooling:none|n_components:1000
INFO:root:features.9
INFO:root:architecture:AlexNet|task:N_0.025|kind:Untrained|source:PyTorch|layer:features.11|pooling:none|n_components:1000
INFO:root:features.11
INFO:root:architecture:RegNet_400mf|task:N_0.025|kind:Untrained|source:PyTorch|layer:trunk_output.block1.block1-0.activation|pooling:none|n_components:1000
INFO:root:trunk_output.block1.block1-0.activation
INFO:root:architecture:RegNet_400mf|task:N_0.025|kind:Untrained|source:PyTorch|layer:trunk_output.block2.block2-0.activation|pooling:none|n_components:1000
INFO:root:trunk_output.block2.block2-0.activation
INFO:root:architecture:RegNet_400mf|task:N_0.025|kind:Untrained|source:PyTorch|layer:trunk_output.block2.block2-1.activation|pooling:none|n_components:1000
INFO:root:trunk_output.block2.block2-1.activation
INFO:root:architecture:RegNet_400mf|task:N_0.025|kind:Untrained|source:PyTorch|layer:trunk_output.block3.block3-0.activation|pooling:none|n_components:1000
INFO:root:trunk_output.block3.block3-0.activation
INFO:root:architecture:RegNet_400mf|task:N_0.025|kind:Untrained|source:PyTorch|layer:trunk_output.block3.block3-1.activation|pooling:none|n_components:1000
INFO:root:trunk_output.block3.block3-1.activation
INFO:root:architecture:RegNet_400mf|task:N_0.025|kind:Untrained|source:PyTorch|layer:trunk_output.block3.block3-2.activation|pooling:none|n_components:1000
INFO:root:trunk_output.block3.block3-2.activation
INFO:root:architecture:RegNet_400mf|task:N_0.025|kind:Untrained|source:PyTorch|layer:trunk_output.block3.block3-3.activation|pooling:none|n_components:1000
INFO:root:trunk_output.block3.block3-3.activation
INFO:root:architecture:RegNet_400mf|task:N_0.025|kind:Untrained|source:PyTorch|layer:trunk_output.block3.block3-4.activation|pooling:none|n_components:1000
INFO:root:trunk_output.block3.block3-4.activation
INFO:root:architecture:RegNet_400mf|task:N_0.025|kind:Untrained|source:PyTorch|layer:trunk_output.block3.block3-5.activation|pooling:none|n_components:1000
INFO:root:trunk_output.block3.block3-5.activation
INFO:root:architecture:RegNet_400mf|task:N_0.025|kind:Untrained|source:PyTorch|layer:trunk_output.block3.block3-6.activation|pooling:none|n_components:1000
INFO:root:trunk_output.block3.block3-6.activation
INFO:root:architecture:RegNet_400mf|task:N_0.025|kind:Untrained|source:PyTorch|layer:trunk_output.block4.block4-0.activation|pooling:none|n_components:1000
INFO:root:trunk_output.block4.block4-0.activation
INFO:root:architecture:RegNet_400mf|task:N_0.025|kind:Untrained|source:PyTorch|layer:trunk_output.block4.block4-1.activation|pooling:none|n_components:1000
INFO:root:trunk_output.block4.block4-1.activation
INFO:root:architecture:RegNet_400mf|task:N_0.025|kind:Untrained|source:PyTorch|layer:trunk_output.block4.block4-2.activation|pooling:none|n_components:1000
INFO:root:trunk_output.block4.block4-2.activation
INFO:root:architecture:RegNet_400mf|task:N_0.025|kind:Untrained|source:PyTorch|layer:trunk_output.block4.block4-3.activation|pooling:none|n_components:1000
INFO:root:trunk_output.block4.block4-3.activation
INFO:root:architecture:RegNet_400mf|task:N_0.025|kind:Untrained|source:PyTorch|layer:trunk_output.block4.block4-4.activation|pooling:none|n_components:1000
INFO:root:trunk_output.block4.block4-4.activation
INFO:root:architecture:RegNet_400mf|task:N_0.025|kind:Untrained|source:PyTorch|layer:trunk_output.block4.block4-5.activation|pooling:none|n_components:1000
INFO:root:trunk_output.block4.block4-5.activation
INFO:root:architecture:RegNet_400mf|task:N_0.025|kind:Untrained|source:PyTorch|layer:trunk_output.block4.block4-6.activation|pooling:none|n_components:1000
INFO:root:trunk_output.block4.block4-6.activation
INFO:root:architecture:RegNet_400mf|task:N_0.025|kind:Untrained|source:PyTorch|layer:trunk_output.block4.block4-7.activation|pooling:none|n_components:1000
INFO:root:trunk_output.block4.block4-7.activation
INFO:root:architecture:RegNet_400mf|task:N_0.025|kind:Untrained|source:PyTorch|layer:trunk_output.block4.block4-8.activation|pooling:none|n_components:1000
INFO:root:trunk_output.block4.block4-8.activation
INFO:root:architecture:RegNet_400mf|task:N_0.025|kind:Untrained|source:PyTorch|layer:trunk_output.block4.block4-9.activation|pooling:none|n_components:1000
INFO:root:trunk_output.block4.block4-9.activation
INFO:root:architecture:RegNet_400mf|task:N_0.025|kind:Untrained|source:PyTorch|layer:trunk_output.block4.block4-10.activation|pooling:none|n_components:1000
INFO:root:trunk_output.block4.block4-10.activation
INFO:root:architecture:RegNet_400mf|task:N_0.025|kind:Untrained|source:PyTorch|layer:trunk_output.block4.block4-11.activation|pooling:none|n_components:1000
INFO:root:trunk_output.block4.block4-11.activation
INFO:root:architecture:ResNeXt50|task:N_0.025|kind:Untrained|source:PyTorch|layer:layer1.0.relu|pooling:none|n_components:1000
INFO:root:layer1.0.relu
INFO:root:architecture:ResNeXt50|task:N_0.025|kind:Untrained|source:PyTorch|layer:layer1.1.relu|pooling:none|n_components:1000
INFO:root:layer1.1.relu
INFO:root:architecture:ResNeXt50|task:N_0.025|kind:Untrained|source:PyTorch|layer:layer1.2.relu|pooling:none|n_components:1000
INFO:root:layer1.2.relu
INFO:root:architecture:ResNeXt50|task:N_0.025|kind:Untrained|source:PyTorch|layer:layer2.0.relu|pooling:none|n_components:1000
INFO:root:layer2.0.relu
INFO:root:architecture:ResNeXt50|task:N_0.025|kind:Untrained|source:PyTorch|layer:layer2.1.relu|pooling:none|n_components:1000
INFO:root:layer2.1.relu
INFO:root:architecture:ResNeXt50|task:N_0.025|kind:Untrained|source:PyTorch|layer:layer2.2.relu|pooling:none|n_components:1000
INFO:root:layer2.2.relu
INFO:root:architecture:ResNeXt50|task:N_0.025|kind:Untrained|source:PyTorch|layer:layer2.3.relu|pooling:none|n_components:1000
INFO:root:layer2.3.relu
INFO:root:architecture:ResNeXt50|task:N_0.025|kind:Untrained|source:PyTorch|layer:layer3.0.relu|pooling:none|n_components:1000
INFO:root:layer3.0.relu
INFO:root:architecture:ResNeXt50|task:N_0.025|kind:Untrained|source:PyTorch|layer:layer3.1.relu|pooling:none|n_components:1000
INFO:root:layer3.1.relu
INFO:root:architecture:ResNeXt50|task:N_0.025|kind:Untrained|source:PyTorch|layer:layer3.2.relu|pooling:none|n_components:1000
INFO:root:layer3.2.relu
INFO:root:architecture:ResNeXt50|task:N_0.025|kind:Untrained|source:PyTorch|layer:layer3.3.relu|pooling:none|n_components:1000
INFO:root:layer3.3.relu
INFO:root:architecture:ResNeXt50|task:N_0.025|kind:Untrained|source:PyTorch|layer:layer3.4.relu|pooling:none|n_components:1000
INFO:root:layer3.4.relu
INFO:root:architecture:ResNeXt50|task:N_0.025|kind:Untrained|source:PyTorch|layer:layer3.5.relu|pooling:none|n_components:1000
INFO:root:layer3.5.relu
INFO:root:architecture:ResNeXt50|task:N_0.025|kind:Untrained|source:PyTorch|layer:layer4.0.relu|pooling:none|n_components:1000
INFO:root:layer4.0.relu
INFO:root:architecture:ResNeXt50|task:N_0.025|kind:Untrained|source:PyTorch|layer:layer4.1.relu|pooling:none|n_components:1000
INFO:root:layer4.1.relu
INFO:root:architecture:ResNeXt50|task:N_0.025|kind:Untrained|source:PyTorch|layer:layer4.2.relu|pooling:none|n_components:1000
INFO:root:layer4.2.relu
Loading catalog from entrypoints
Loading lookup from /home/wtownle1/env_dim/dim-powerlaw/lib/python3.7/site-packages/brainscore/lookup.csv
main total runtime: 0:00:10.028908
