0.32025453704991264
0.017520407428394624
0.37255671354036585
0.013386234635974107
0.44998855587926534
0.011707480891510866
0.5405896318661934
0.010911917931292753
0.6397823566754836
0.010508162771130506
0.7429860627396743
0.010294833295424641
0.8474540449896283
0.010178780513137638
0.9534924223952587
0.010114039015400823
1.0552014868159694
0.010077028850817134
1.2665430776347815
0.010042260486655501
1.4801247617514406
0.010028993692880895
1.6939691343487162
0.010023288018598014
1.9026860458023132
0.010020526493335603
2.1016720608054884
0.010019042316907943
2.317600855032536
0.010018173820186804
2.5238405796749266
0.010017631232935803
2.7292725936317703
0.01001727513023036
2.929568664892991
0.010017032550155545
3.1246905895085333
0.010016862501983054
main total runtime: 0:02:56.614335
