Traceback (most recent call last):
  File "/home/wtownle1/env_dim/dim-powerlaw/lib/python3.7/runpy.py", line 193, in _run_module_as_main
    "__main__", mod_spec)
  File "/home/wtownle1/env_dim/dim-powerlaw/lib/python3.7/runpy.py", line 85, in _run_code
    exec(code, run_globals)
  File "/home/wtownle1/dimensionality_powerlaw/scripts/compute_eigenspectra.py", line 78, in <module>
    main(dataset=args.dataset, data_dir=args.data_dir, pooling=args.pooling, grayscale=args.grayscale, debug=args.debug)
  File "/home/wtownle1/dimensionality_powerlaw/utils.py", line 29, in wrap
    result = func(*args, **kwargs)
  File "/home/wtownle1/dimensionality_powerlaw/scripts/compute_eigenspectra.py", line 26, in main
    for model, layers in get_activation_models():
  File "/home/wtownle1/dimensionality_powerlaw/activation_models/generators.py", line 71, in get_activation_models
    for model, layers in atlas_net():
  File "/home/wtownle1/dimensionality_powerlaw/activation_models/generators.py", line 191, in atlas_net
    model = EngineeredModel2L_SVD(filters_2=1000, k_size=9, exponent=a).Build()
  File "/home/wtownle1/dimensionality_powerlaw/activation_models/AtlasNet/model_2L_SVD.py", line 133, in Build
    pca.fit(c2_w)
  File "/home/wtownle1/env_dim/dim-powerlaw/lib/python3.7/site-packages/sklearn/decomposition/_pca.py", line 351, in fit
    self._fit(X)
  File "/home/wtownle1/env_dim/dim-powerlaw/lib/python3.7/site-packages/sklearn/decomposition/_pca.py", line 398, in _fit
    ensure_2d=True, copy=self.copy)
  File "/home/wtownle1/env_dim/dim-powerlaw/lib/python3.7/site-packages/sklearn/base.py", line 420, in _validate_data
    X = check_array(X, **check_params)
  File "/home/wtownle1/env_dim/dim-powerlaw/lib/python3.7/site-packages/sklearn/utils/validation.py", line 72, in inner_f
    return f(**kwargs)
  File "/home/wtownle1/env_dim/dim-powerlaw/lib/python3.7/site-packages/sklearn/utils/validation.py", line 641, in check_array
    % (array.ndim, estimator_name))
ValueError: Found array with dim 4. Estimator expected <= 2.
-0.1
