-0.1
0.15993550104006818
0.9996458430977435
-0.2
0.25992355801171024
0.998760863427985
-0.3
0.3595023469532002
0.9999981730333982
-0.4
0.45815413108620584
0.9998082480892038
-0.5
0.5596469565704192
0.9978430376026469
-0.6
0.6593799313187089
0.9999923579265387
-0.7
0.759160745901593
0.999559898486109
-0.8
0.8590543685127587
0.9921684310307866
-0.9
0.955242162580581
0.9995390746749383
-1.0
1.054625687638263
0.9993437073658183
-1.1
1.1541760158781185
0.9999995928519513
-1.2
1.25788589648117
0.9993161564724522
-1.3
1.357731921018297
0.9997678588047693
-1.4
1.456928342037697
0.9981825621384742
-1.5
1.554572854233085
0.9997753804570605
-2
2.0543449281935953
0.9995265908047978
-3
3.0476707071438454
0.999969398375992
main total runtime: 0:00:35.274450
