INFO:model_tools.activations.core.ActivationsExtractorHelper:Running stimuli
-0.2
0.25997624946025255
0.9994461658110113
-0.2
activations:   0%|          | 0/10048 [00:00<?, ?it/s]activations:   0%|          | 0/10048 [00:08<?, ?it/s]
Traceback (most recent call last):
  File "/home/wtownle1/env_dim/dim-powerlaw/lib/python3.7/runpy.py", line 193, in _run_module_as_main
    "__main__", mod_spec)
  File "/home/wtownle1/env_dim/dim-powerlaw/lib/python3.7/runpy.py", line 85, in _run_code
    exec(code, run_globals)
  File "/home/wtownle1/dimensionality_powerlaw/scripts/compute_eigenspectra.py", line 96, in <module>
    main(dataset=args.dataset, data_dir=args.data_dir, pooling=args.pooling, seed=args.seed, grayscale=args.grayscale, debug=args.debug)
  File "/home/wtownle1/dimensionality_powerlaw/utils.py", line 29, in wrap
    result = func(*args, **kwargs)
  File "/home/wtownle1/dimensionality_powerlaw/scripts/compute_eigenspectra.py", line 34, in main
    eigspec.fit(layers)
  File "/home/wtownle1/dimensionality_powerlaw/custom_model_tools/eigenspectrum.py", line 68, in fit
    image_transform_name=transform_name)
  File "/home/wtownle1/env_dim/dim-powerlaw/lib/python3.7/site-packages/result_caching/__init__.py", line 223, in wrapper
    result = function(**reduced_call_args)
  File "/home/wtownle1/dimensionality_powerlaw/custom_model_tools/eigenspectrum.py", line 213, in _fit
    activations = self._extractor(image_paths, layers=[layer])
  File "/home/wtownle1/env_dim/dim-powerlaw/lib/python3.7/site-packages/model_tools/activations/pytorch.py", line 41, in __call__
    return self._extractor(*args, **kwargs)
  File "/home/wtownle1/env_dim/dim-powerlaw/lib/python3.7/site-packages/model_tools/activations/core.py", line 43, in __call__
    return self.from_paths(stimuli_paths=stimuli, layers=layers, stimuli_identifier=stimuli_identifier)
  File "/home/wtownle1/env_dim/dim-powerlaw/lib/python3.7/site-packages/model_tools/activations/core.py", line 73, in from_paths
    activations = fnc(layers=layers, stimuli_paths=reduced_paths)
  File "/home/wtownle1/env_dim/dim-powerlaw/lib/python3.7/site-packages/model_tools/activations/core.py", line 85, in _from_paths
    layer_activations = self._get_activations_batched(stimuli_paths, layers=layers, batch_size=self._batch_size)
  File "/home/wtownle1/env_dim/dim-powerlaw/lib/python3.7/site-packages/model_tools/activations/core.py", line 135, in _get_activations_batched
    batch_activations = hook(batch_activations)
  File "/home/wtownle1/dimensionality_powerlaw/custom_model_tools/layerPCA_modified.py", line 170, in __call__
    multithread=os.getenv('MT_MULTITHREAD', '1') == '1')
  File "/home/wtownle1/env_dim/dim-powerlaw/lib/python3.7/site-packages/model_tools/activations/core.py", line 247, in change_dict
    results = map_fnc(apply_change, d.items())
  File "/home/wtownle1/env_dim/dim-powerlaw/lib/python3.7/multiprocessing/pool.py", line 268, in map
    return self._map_async(func, iterable, mapstar, chunksize).get()
  File "/home/wtownle1/env_dim/dim-powerlaw/lib/python3.7/multiprocessing/pool.py", line 657, in get
    raise self._value
  File "/home/wtownle1/env_dim/dim-powerlaw/lib/python3.7/multiprocessing/pool.py", line 121, in worker
    result = (True, func(*args, **kwds))
  File "/home/wtownle1/env_dim/dim-powerlaw/lib/python3.7/multiprocessing/pool.py", line 44, in mapstar
    return list(map(*args))
  File "/home/wtownle1/env_dim/dim-powerlaw/lib/python3.7/site-packages/model_tools/activations/core.py", line 244, in apply_change
    values = change_function(values) if not keep_name else change_function(layer, values)
  File "/home/wtownle1/dimensionality_powerlaw/custom_model_tools/layerPCA_modified.py", line 133, in apply_pca
    activations_new = U_old @ S_new @ VT_old
ValueError: matmul: Input operand 1 has a mismatch in its core dimension 0, with gufunc signature (n?,k),(k,m?)->(n?,m?) (size 64 is different from 1000)
activations shape
(64, 576000)
n_new_components
64
